#
# A fatal error has been detected by the Java Runtime Environment:
#
#  EXCEPTION_ACCESS_VIOLATION (0xc0000005) at pc=0x00007ffc4f31b0c1, pid=11424, tid=0x00000000000029d0
#
# JRE version: Java(TM) SE Runtime Environment (8.0_131-b11) (build 1.8.0_131-b11)
# Java VM: Java HotSpot(TM) 64-Bit Server VM (25.131-b11 mixed mode windows-amd64 compressed oops)
# Problematic frame:
# C  0x00007ffc4f31b0c1
#
# Failed to write core dump. Minidumps are not enabled by default on client versions of Windows
#
# If you would like to submit a bug report, please visit:
#   http://bugreport.java.com/bugreport/crash.jsp
# The crash happened outside the Java Virtual Machine in native code.
# See problematic frame for where to report the bug.
#

---------------  T H R E A D  ---------------

Current thread (0x000000001a351000):  JavaThread "Thread-206" [_thread_in_native, id=10704, stack(0x0000000021d50000,0x0000000021e50000)]

siginfo: ExceptionCode=0xc0000005, reading address 0x0000000000000000

Registers:
RAX=0x0000000000000000, RBX=0x0000000000000000, RCX=0x000000001e97a2d0, RDX=0x0000000021e4f000
RSP=0x0000000021e4efd0, RBP=0x0000000021b60d80, RSI=0x000000001e97a2d0, RDI=0x000000001e97a4f0
R8 =0x000000001e97a4f0, R9 =0x0000000000000000, R10=0x0000000021b777d0, R11=0x0000000021e4eff8
R12=0x0000000000000001, R13=0x0000000000000001, R14=0x0000000000000000, R15=0x0000000021e4f205
RIP=0x00007ffc4f31b0c1, EFLAGS=0x0000000000010246

Top of Stack: (sp=0x0000000021e4efd0)
0x0000000021e4efd0:   00000000000007cf 0000000002000000
0x0000000021e4efe0:   00007ff7088aa000 00007ffc788bb784
0x0000000021e4eff0:   0000000000000000 00007ffc4f31b166
0x0000000021e4f000:   0000000000000000 000000001e97a2d0
0x0000000021e4f010:   0000000000000000 0000000021b60f60
0x0000000021e4f020:   000000001e97a2d0 00007ffc4f31af9a
0x0000000021e4f030:   000000001e97a2d0 0000000000000002
0x0000000021e4f040:   0000000000000000 0000000000000000
0x0000000021e4f050:   0000000000000000 00007ffc4f31a1e5
0x0000000021e4f060:   0000000000000001 0000000000000000
0x0000000021e4f070:   0000000021b60d80 0000000000000000
0x0000000021e4f080:   0000000021b60f60 00007ffc4f313f89
0x0000000021e4f090:   00007ffc4f31a1a0 0000000000000000
0x0000000021e4f0a0:   0000000000000000 0000000088780096
0x0000000021e4f0b0:   0000000021e4f228 0000000021e4f210
0x0000000021e4f0c0:   0000000021e4f2b4 0000000021e4f328 

Instructions: (pc=0x00007ffc4f31b0c1)
0x00007ffc4f31b0a1:   8b 81 58 03 00 00 49 89 43 08 48 3b c7 74 5b 85
0x00007ffc4f31b0b1:   db 78 57 48 8d 54 24 30 e8 d2 07 00 00 4c 8b f0
0x00007ffc4f31b0c1:   48 83 38 02 75 11 48 8b d0 e8 11 ff ff ff 49 c7
0x00007ffc4f31b0d1:   06 06 00 00 00 8b d8 48 39 7c 24 30 75 d1 eb 2a 


Register to memory mapping:

RAX=0x0000000000000000 is an unknown value
RBX=0x0000000000000000 is an unknown value
RCX=0x000000001e97a2d0 is an unknown value
RDX=0x0000000021e4f000 is pointing into the stack for thread: 0x000000001a351000
RSP=0x0000000021e4efd0 is pointing into the stack for thread: 0x000000001a351000
RBP=0x0000000021b60d80 is an unknown value
RSI=0x000000001e97a2d0 is an unknown value
RDI=0x000000001e97a4f0 is an unknown value
R8 =0x000000001e97a4f0 is an unknown value
R9 =0x0000000000000000 is an unknown value
R10=0x0000000021b777d0 is an unknown value
R11=0x0000000021e4eff8 is pointing into the stack for thread: 0x000000001a351000
R12=0x0000000000000001 is an unknown value
R13=0x0000000000000001 is an unknown value
R14=0x0000000000000000 is an unknown value
R15=0x0000000021e4f205 is pointing into the stack for thread: 0x000000001a351000


Stack: [0x0000000021d50000,0x0000000021e50000],  sp=0x0000000021e4efd0,  free space=1019k
Native frames: (J=compiled Java code, j=interpreted, Vv=VM code, C=native code)
C  0x00007ffc4f31b0c1
C  0x00007ffc4f31b166
C  0x00007ffc4f31af9a
C  0x00007ffc4f31a1e5
C  0x00007ffc4f313f89
C  0x00007ffc4f2ee339
C  0x00007ffc4f315d4c
C  0x00007ffc4f2fa19e
C  0x00007ffc4f2f9ea7
C  0x00000000557e3f8a
C  0x00000000557e40d3
C  0x00000000557e2dfe
C  0x00000000027bf331

Java frames: (J=compiled Java code, j=interpreted, Vv=VM code)
J 3094  com.sun.media.sound.DirectAudioDevice.nWrite(J[BIIIFF)I (0 bytes) @ 0x00000000027bf2b3 [0x00000000027bf240+0x73]
J 3814 C2 com.sun.media.sound.DirectAudioDevice$DirectDL.write([BII)I (339 bytes) @ 0x0000000002c9d3b0 [0x0000000002c9d260+0x150]
j  ddf.minim.javasound.JSAudioOutput.run()V+208
v  ~StubRoutines::call_stub

---------------  P R O C E S S  ---------------

Java Threads: ( => current thread )
  0x000000001d7ed000 JavaThread "Timer-11" [_thread_blocked, id=556, stack(0x0000000034400000,0x0000000034500000)]
  0x000000001d7ea000 JavaThread "Timer-10" [_thread_blocked, id=2284, stack(0x0000000022780000,0x0000000022880000)]
  0x000000001d7e8800 JavaThread "Thread-213" [_thread_in_Java, id=3816, stack(0x0000000034300000,0x0000000034400000)]
  0x000000001d7eb800 JavaThread "Thread-472" [_thread_blocked, id=1796, stack(0x0000000034200000,0x0000000034300000)]
  0x000000001d7e4800 JavaThread "Thread-473" [_thread_blocked, id=1412, stack(0x0000000034100000,0x0000000034200000)]
  0x000000001d7e7800 JavaThread "Thread-470" [_thread_blocked, id=4252, stack(0x0000000034000000,0x0000000034100000)]
  0x000000001d7e7000 JavaThread "Thread-471" [_thread_blocked, id=12412, stack(0x0000000033f00000,0x0000000034000000)]
  0x000000001d7e5800 JavaThread "Thread-468" [_thread_blocked, id=12560, stack(0x0000000033e00000,0x0000000033f00000)]
  0x000000001d7e6000 JavaThread "Thread-469" [_thread_blocked, id=7728, stack(0x0000000033d00000,0x0000000033e00000)]
  0x000000001d7e1000 JavaThread "Thread-466" [_thread_blocked, id=10664, stack(0x0000000033c00000,0x0000000033d00000)]
  0x000000001d7e4000 JavaThread "Thread-467" [_thread_blocked, id=10496, stack(0x0000000033b00000,0x0000000033c00000)]
  0x000000001d7e2800 JavaThread "Thread-464" [_thread_blocked, id=9704, stack(0x0000000033a00000,0x0000000033b00000)]
  0x000000001d7e0000 JavaThread "Thread-465" [_thread_blocked, id=4544, stack(0x0000000033900000,0x0000000033a00000)]
  0x000000001d7e3000 JavaThread "Thread-462" [_thread_blocked, id=3812, stack(0x0000000033800000,0x0000000033900000)]
  0x000000001d7e1800 JavaThread "Thread-463" [_thread_blocked, id=4272, stack(0x0000000033700000,0x0000000033800000)]
  0x000000001d7df800 JavaThread "Thread-460" [_thread_blocked, id=9308, stack(0x0000000033600000,0x0000000033700000)]
  0x000000001d7de800 JavaThread "Thread-461" [_thread_blocked, id=5784, stack(0x0000000033500000,0x0000000033600000)]
  0x00000000191ae000 JavaThread "Thread-458" [_thread_blocked, id=3096, stack(0x0000000033400000,0x0000000033500000)]
  0x000000001e058000 JavaThread "Thread-459" [_thread_blocked, id=7508, stack(0x0000000033300000,0x0000000033400000)]
  0x000000001e054000 JavaThread "Thread-456" [_thread_blocked, id=3384, stack(0x0000000033200000,0x0000000033300000)]
  0x000000001e057000 JavaThread "Thread-457" [_thread_blocked, id=2224, stack(0x0000000033100000,0x0000000033200000)]
  0x000000001e053800 JavaThread "Thread-454" [_thread_blocked, id=5488, stack(0x000000001bd60000,0x000000001be60000)]
  0x000000001e056800 JavaThread "Thread-455" [_thread_blocked, id=4592, stack(0x0000000033000000,0x0000000033100000)]
  0x000000001e055800 JavaThread "Thread-452" [_thread_blocked, id=8740, stack(0x0000000032f00000,0x0000000033000000)]
  0x000000001e055000 JavaThread "Thread-453" [_thread_blocked, id=5336, stack(0x0000000032e00000,0x0000000032f00000)]
  0x000000001e052800 JavaThread "Thread-450" [_thread_blocked, id=2732, stack(0x0000000032d00000,0x0000000032e00000)]
  0x000000001e04f000 JavaThread "Thread-451" [_thread_blocked, id=3624, stack(0x0000000032c00000,0x0000000032d00000)]
  0x000000001e04f800 JavaThread "Thread-448" [_thread_blocked, id=11596, stack(0x0000000032b00000,0x0000000032c00000)]
  0x000000001e052000 JavaThread "Thread-449" [_thread_blocked, id=11488, stack(0x0000000032a00000,0x0000000032b00000)]
  0x000000001e04e000 JavaThread "Thread-446" [_thread_blocked, id=3296, stack(0x0000000032900000,0x0000000032a00000)]
  0x000000001e051000 JavaThread "Thread-447" [_thread_blocked, id=6368, stack(0x0000000032800000,0x0000000032900000)]
  0x000000001e050800 JavaThread "Thread-444" [_thread_blocked, id=2444, stack(0x0000000032700000,0x0000000032800000)]
  0x000000001e04a800 JavaThread "Thread-445" [_thread_blocked, id=1076, stack(0x0000000032600000,0x0000000032700000)]
  0x000000001e04c000 JavaThread "Thread-442" [_thread_blocked, id=13180, stack(0x0000000032500000,0x0000000032600000)]
  0x000000001e04b000 JavaThread "Thread-443" [_thread_blocked, id=7428, stack(0x0000000032400000,0x0000000032500000)]
  0x000000001e04d800 JavaThread "Thread-440" [_thread_blocked, id=3304, stack(0x0000000032300000,0x0000000032400000)]
  0x000000001e04c800 JavaThread "Thread-441" [_thread_blocked, id=10204, stack(0x0000000032200000,0x0000000032300000)]
  0x000000001e046800 JavaThread "Thread-438" [_thread_blocked, id=10112, stack(0x0000000032100000,0x0000000032200000)]
  0x000000001e049800 JavaThread "Thread-439" [_thread_blocked, id=7044, stack(0x0000000032000000,0x0000000032100000)]
  0x000000001e049000 JavaThread "Thread-436" [_thread_blocked, id=13468, stack(0x0000000031f00000,0x0000000032000000)]
  0x000000001e047800 JavaThread "Thread-437" [_thread_blocked, id=8008, stack(0x0000000031e00000,0x0000000031f00000)]
  0x000000001e048000 JavaThread "Thread-434" [_thread_blocked, id=4240, stack(0x0000000031d00000,0x0000000031e00000)]
  0x000000001e043800 JavaThread "Thread-435" [_thread_blocked, id=2532, stack(0x0000000030c30000,0x0000000030d30000)]
  0x000000001e044800 JavaThread "Thread-432" [_thread_blocked, id=7900, stack(0x0000000030b30000,0x0000000030c30000)]
  0x000000001e045000 JavaThread "Thread-433" [_thread_blocked, id=800, stack(0x0000000030a30000,0x0000000030b30000)]
  0x000000001e046000 JavaThread "Thread-430" [_thread_blocked, id=5644, stack(0x0000000030930000,0x0000000030a30000)]
  0x000000001e042000 JavaThread "Thread-431" [_thread_blocked, id=13736, stack(0x0000000030830000,0x0000000030930000)]
  0x000000001e043000 JavaThread "Thread-428" [_thread_blocked, id=7688, stack(0x0000000030730000,0x0000000030830000)]
  0x000000001e03e800 JavaThread "Thread-429" [_thread_blocked, id=11904, stack(0x0000000030630000,0x0000000030730000)]
  0x000000001e041800 JavaThread "Thread-426" [_thread_blocked, id=5028, stack(0x0000000030530000,0x0000000030630000)]
  0x000000001e040000 JavaThread "Thread-427" [_thread_blocked, id=13000, stack(0x0000000030430000,0x0000000030530000)]
  0x000000001e03f000 JavaThread "Thread-424" [_thread_blocked, id=13548, stack(0x0000000030330000,0x0000000030430000)]
  0x000000001e03d800 JavaThread "Thread-425" [_thread_blocked, id=10776, stack(0x0000000030230000,0x0000000030330000)]
  0x000000001e040800 JavaThread "Thread-422" [_thread_blocked, id=13320, stack(0x0000000030130000,0x0000000030230000)]
  0x000000001e03a000 JavaThread "Thread-423" [_thread_blocked, id=5288, stack(0x0000000030030000,0x0000000030130000)]
  0x000000001e03b800 JavaThread "Thread-420" [_thread_blocked, id=10336, stack(0x000000002ff30000,0x0000000030030000)]
  0x000000001e03a800 JavaThread "Thread-421" [_thread_blocked, id=13456, stack(0x000000002fe30000,0x000000002ff30000)]
  0x000000001e03d000 JavaThread "Thread-418" [_thread_blocked, id=3228, stack(0x000000002fd30000,0x000000002fe30000)]
  0x000000001e039000 JavaThread "Thread-419" [_thread_blocked, id=368, stack(0x000000002fc30000,0x000000002fd30000)]
  0x000000001e03c000 JavaThread "Thread-416" [_thread_blocked, id=6672, stack(0x000000002fb30000,0x000000002fc30000)]
  0x000000001d66c000 JavaThread "Thread-417" [_thread_blocked, id=8648, stack(0x000000002fa30000,0x000000002fb30000)]
  0x000000001d66b000 JavaThread "Thread-414" [_thread_blocked, id=5352, stack(0x000000002f930000,0x000000002fa30000)]
  0x000000001d66a800 JavaThread "Thread-415" [_thread_blocked, id=7668, stack(0x000000002f830000,0x000000002f930000)]
  0x000000001d669800 JavaThread "Thread-412" [_thread_blocked, id=5368, stack(0x000000002f730000,0x000000002f830000)]
  0x000000001d669000 JavaThread "Thread-413" [_thread_blocked, id=7424, stack(0x000000002f630000,0x000000002f730000)]
  0x000000001d666800 JavaThread "Thread-410" [_thread_blocked, id=9692, stack(0x000000002f530000,0x000000002f630000)]
  0x000000001d668000 JavaThread "Thread-411" [_thread_blocked, id=13476, stack(0x000000002f430000,0x000000002f530000)]
  0x000000001d667800 JavaThread "Thread-408" [_thread_blocked, id=10428, stack(0x000000002f330000,0x000000002f430000)]
  0x000000001d663000 JavaThread "Thread-409" [_thread_blocked, id=8056, stack(0x000000002f230000,0x000000002f330000)]
  0x000000001d666000 JavaThread "Thread-406" [_thread_blocked, id=10572, stack(0x000000002f130000,0x000000002f230000)]
  0x000000001d665000 JavaThread "Thread-407" [_thread_blocked, id=10588, stack(0x000000002f030000,0x000000002f130000)]
  0x000000001d663800 JavaThread "Thread-404" [_thread_blocked, id=12360, stack(0x000000002ef30000,0x000000002f030000)]
  0x000000001d664800 JavaThread "Thread-405" [_thread_blocked, id=12616, stack(0x000000002ee30000,0x000000002ef30000)]
  0x000000001d65f000 JavaThread "Thread-402" [_thread_blocked, id=13404, stack(0x000000002ed30000,0x000000002ee30000)]
  0x000000001d662000 JavaThread "Thread-403" [_thread_blocked, id=3256, stack(0x000000002ec30000,0x000000002ed30000)]
  0x000000001d660000 JavaThread "Thread-400" [_thread_blocked, id=4404, stack(0x000000002eb30000,0x000000002ec30000)]
  0x000000001d661800 JavaThread "Thread-401" [_thread_blocked, id=9028, stack(0x000000002ea30000,0x000000002eb30000)]
  0x000000001d660800 JavaThread "Thread-398" [_thread_blocked, id=7644, stack(0x000000002e930000,0x000000002ea30000)]
  0x000000001d65b800 JavaThread "Thread-399" [_thread_blocked, id=12704, stack(0x000000002e830000,0x000000002e930000)]
  0x000000001d65e800 JavaThread "Thread-396" [_thread_blocked, id=4452, stack(0x000000002e730000,0x000000002e830000)]
  0x000000001d65d800 JavaThread "Thread-397" [_thread_blocked, id=6372, stack(0x000000002e630000,0x000000002e730000)]
  0x000000001d65d000 JavaThread "Thread-394" [_thread_blocked, id=13352, stack(0x000000002e530000,0x000000002e630000)]
  0x000000001d65c000 JavaThread "Thread-395" [_thread_blocked, id=11588, stack(0x000000002e430000,0x000000002e530000)]
  0x000000001d65a800 JavaThread "Thread-392" [_thread_blocked, id=8932, stack(0x000000002e330000,0x000000002e430000)]
  0x000000001d657000 JavaThread "Thread-393" [_thread_blocked, id=12072, stack(0x000000002e230000,0x000000002e330000)]
  0x000000001d65a000 JavaThread "Thread-390" [_thread_blocked, id=11124, stack(0x000000002e130000,0x000000002e230000)]
  0x000000001d659000 JavaThread "Thread-391" [_thread_blocked, id=11856, stack(0x000000002e030000,0x000000002e130000)]
  0x000000001d658800 JavaThread "Thread-388" [_thread_blocked, id=7816, stack(0x000000002df30000,0x000000002e030000)]
  0x000000001d657800 JavaThread "Thread-389" [_thread_blocked, id=9324, stack(0x000000002de30000,0x000000002df30000)]
  0x000000001d653000 JavaThread "Thread-386" [_thread_blocked, id=5172, stack(0x000000002dd30000,0x000000002de30000)]
  0x000000001d656000 JavaThread "Thread-387" [_thread_blocked, id=3808, stack(0x000000002dc30000,0x000000002dd30000)]
  0x000000001d652800 JavaThread "Thread-384" [_thread_blocked, id=13888, stack(0x000000002db30000,0x000000002dc30000)]
  0x000000001d655800 JavaThread "Thread-385" [_thread_blocked, id=4540, stack(0x000000002da30000,0x000000002db30000)]
  0x000000001d654000 JavaThread "Thread-382" [_thread_blocked, id=13012, stack(0x000000002d930000,0x000000002da30000)]
  0x000000001d654800 JavaThread "Thread-383" [_thread_blocked, id=9232, stack(0x000000002d830000,0x000000002d930000)]
  0x000000001d64e800 JavaThread "Thread-380" [_thread_blocked, id=6340, stack(0x000000002d730000,0x000000002d830000)]
  0x000000001d651000 JavaThread "Thread-381" [_thread_blocked, id=13860, stack(0x000000002d630000,0x000000002d730000)]
  0x000000001d650000 JavaThread "Thread-378" [_thread_blocked, id=12668, stack(0x000000002d530000,0x000000002d630000)]
  0x000000001d651800 JavaThread "Thread-379" [_thread_blocked, id=6828, stack(0x000000002d430000,0x000000002d530000)]
  0x000000001d64f800 JavaThread "Thread-376" [_thread_blocked, id=13032, stack(0x000000002d330000,0x000000002d430000)]
  0x000000001d64e000 JavaThread "Thread-377" [_thread_blocked, id=6620, stack(0x000000002d230000,0x000000002d330000)]
  0x000000001d64d000 JavaThread "Thread-374" [_thread_blocked, id=12648, stack(0x000000002d130000,0x000000002d230000)]
  0x000000001d898800 JavaThread "Thread-375" [_thread_blocked, id=14132, stack(0x000000002d030000,0x000000002d130000)]
  0x000000001d897000 JavaThread "Thread-372" [_thread_blocked, id=8636, stack(0x000000002cf30000,0x000000002d030000)]
  0x000000001d897800 JavaThread "Thread-373" [_thread_blocked, id=12244, stack(0x000000002ce30000,0x000000002cf30000)]
  0x000000001d899000 JavaThread "Thread-370" [_thread_blocked, id=12408, stack(0x000000002cd30000,0x000000002ce30000)]
  0x000000001d895800 JavaThread "Thread-371" [_thread_blocked, id=6160, stack(0x000000002cc30000,0x000000002cd30000)]
  0x000000001d893000 JavaThread "Thread-368" [_thread_blocked, id=12504, stack(0x000000002cb30000,0x000000002cc30000)]
  0x000000001d894800 JavaThread "Thread-369" [_thread_blocked, id=13796, stack(0x000000002ca30000,0x000000002cb30000)]
  0x000000001d896000 JavaThread "Thread-366" [_thread_blocked, id=7700, stack(0x000000002c930000,0x000000002ca30000)]
  0x000000001d891000 JavaThread "Thread-367" [_thread_blocked, id=12908, stack(0x000000002c830000,0x000000002c930000)]
  0x000000001d891800 JavaThread "Thread-364" [_thread_blocked, id=6456, stack(0x000000002c730000,0x000000002c830000)]
  0x000000001d892800 JavaThread "Thread-365" [_thread_blocked, id=2436, stack(0x000000002c630000,0x000000002c730000)]
  0x000000001d894000 JavaThread "Thread-362" [_thread_blocked, id=9460, stack(0x000000002c530000,0x000000002c630000)]
  0x000000001d88f800 JavaThread "Thread-363" [_thread_blocked, id=3800, stack(0x000000002c430000,0x000000002c530000)]
  0x000000001d890000 JavaThread "Thread-360" [_thread_blocked, id=8884, stack(0x000000002c330000,0x000000002c430000)]
  0x000000001d88b800 JavaThread "Thread-361" [_thread_blocked, id=13876, stack(0x000000002c230000,0x000000002c330000)]
  0x000000001d88e800 JavaThread "Thread-358" [_thread_blocked, id=6332, stack(0x000000002c130000,0x000000002c230000)]
  0x000000001d88e000 JavaThread "Thread-359" [_thread_blocked, id=9672, stack(0x000000002c030000,0x000000002c130000)]
  0x000000001d88b000 JavaThread "Thread-356" [_thread_blocked, id=8092, stack(0x000000002bf30000,0x000000002c030000)]
  0x000000001d88c800 JavaThread "Thread-357" [_thread_blocked, id=13396, stack(0x000000002be30000,0x000000002bf30000)]
  0x000000001d88d000 JavaThread "Thread-354" [_thread_blocked, id=8304, stack(0x000000002bd30000,0x000000002be30000)]
  0x000000001d88a000 JavaThread "Thread-355" [_thread_blocked, id=8140, stack(0x000000002bc30000,0x000000002bd30000)]
  0x000000001ddd6800 JavaThread "Thread-352" [_thread_blocked, id=7280, stack(0x000000002bb30000,0x000000002bc30000)]
  0x000000001ddd4800 JavaThread "Thread-353" [_thread_blocked, id=12384, stack(0x000000002ba30000,0x000000002bb30000)]
  0x000000001ddd7800 JavaThread "Thread-350" [_thread_blocked, id=324, stack(0x000000002b930000,0x000000002ba30000)]
  0x000000001ddd3000 JavaThread "Thread-351" [_thread_blocked, id=5788, stack(0x000000002b830000,0x000000002b930000)]
  0x000000001ddd5000 JavaThread "Thread-348" [_thread_blocked, id=7156, stack(0x000000002b730000,0x000000002b830000)]
  0x000000001ddd3800 JavaThread "Thread-349" [_thread_blocked, id=12548, stack(0x000000002b630000,0x000000002b730000)]
  0x000000001ddd6000 JavaThread "Thread-346" [_thread_blocked, id=3532, stack(0x000000002b530000,0x000000002b630000)]
  0x000000001ddd2000 JavaThread "Thread-347" [_thread_blocked, id=8404, stack(0x000000002b430000,0x000000002b530000)]
  0x000000001ddd1800 JavaThread "Thread-344" [_thread_blocked, id=316, stack(0x000000002b330000,0x000000002b430000)]
  0x000000001ddcd800 JavaThread "Thread-345" [_thread_blocked, id=12812, stack(0x000000002b230000,0x000000002b330000)]
  0x000000001ddd0800 JavaThread "Thread-342" [_thread_blocked, id=9996, stack(0x000000002b130000,0x000000002b230000)]
  0x000000001ddce800 JavaThread "Thread-343" [_thread_blocked, id=9328, stack(0x000000002b030000,0x000000002b130000)]
  0x000000001ddcd000 JavaThread "Thread-340" [_thread_blocked, id=5532, stack(0x000000002af30000,0x000000002b030000)]
  0x000000001ddd0000 JavaThread "Thread-341" [_thread_blocked, id=4316, stack(0x000000002ae30000,0x000000002af30000)]
  0x000000001ddcf000 JavaThread "Thread-338" [_thread_blocked, id=12356, stack(0x000000002ad30000,0x000000002ae30000)]
  0x000000001ddc9000 JavaThread "Thread-339" [_thread_blocked, id=8992, stack(0x000000002ac30000,0x000000002ad30000)]
  0x000000001ddcc000 JavaThread "Thread-336" [_thread_blocked, id=7432, stack(0x000000002ab30000,0x000000002ac30000)]
  0x000000001ddc8800 JavaThread "Thread-337" [_thread_blocked, id=8772, stack(0x000000002aa30000,0x000000002ab30000)]
  0x000000001ddcb800 JavaThread "Thread-334" [_thread_blocked, id=7956, stack(0x000000002a930000,0x000000002aa30000)]
  0x000000001ddca000 JavaThread "Thread-335" [_thread_blocked, id=5828, stack(0x000000002a830000,0x000000002a930000)]
  0x000000001ddca800 JavaThread "Thread-332" [_thread_blocked, id=13932, stack(0x000000002a730000,0x000000002a830000)]
  0x000000001d388800 JavaThread "Thread-333" [_thread_blocked, id=14084, stack(0x000000002a630000,0x000000002a730000)]
  0x000000001d38c000 JavaThread "Thread-330" [_thread_blocked, id=11920, stack(0x000000002a530000,0x000000002a630000)]
  0x000000001d388000 JavaThread "Thread-331" [_thread_blocked, id=5748, stack(0x000000002a430000,0x000000002a530000)]
  0x000000001d38a800 JavaThread "Thread-328" [_thread_blocked, id=9928, stack(0x000000002a330000,0x000000002a430000)]
  0x000000001d38b000 JavaThread "Thread-329" [_thread_blocked, id=2320, stack(0x000000002a230000,0x000000002a330000)]
  0x000000001d389800 JavaThread "Thread-326" [_thread_blocked, id=9396, stack(0x000000002a130000,0x000000002a230000)]
  0x000000001d387000 JavaThread "Thread-327" [_thread_blocked, id=13996, stack(0x000000002a030000,0x000000002a130000)]
  0x000000001d383800 JavaThread "Thread-324" [_thread_blocked, id=10668, stack(0x0000000029f30000,0x000000002a030000)]
  0x000000001d384000 JavaThread "Thread-325" [_thread_blocked, id=11232, stack(0x0000000029e30000,0x0000000029f30000)]
  0x000000001d386800 JavaThread "Thread-322" [_thread_blocked, id=7564, stack(0x0000000029d30000,0x0000000029e30000)]
  0x000000001d385800 JavaThread "Thread-323" [_thread_blocked, id=11168, stack(0x0000000029c30000,0x0000000029d30000)]
  0x000000001d385000 JavaThread "Thread-320" [_thread_blocked, id=6800, stack(0x0000000029b30000,0x0000000029c30000)]
  0x000000001d382000 JavaThread "Thread-321" [_thread_blocked, id=6292, stack(0x0000000029a30000,0x0000000029b30000)]
  0x000000001d382800 JavaThread "Thread-318" [_thread_blocked, id=10564, stack(0x0000000029930000,0x0000000029a30000)]
  0x000000001d37e000 JavaThread "Thread-319" [_thread_blocked, id=5684, stack(0x0000000029830000,0x0000000029930000)]
  0x000000001d380800 JavaThread "Thread-316" [_thread_blocked, id=11404, stack(0x0000000029730000,0x0000000029830000)]
  0x000000001d381000 JavaThread "Thread-317" [_thread_blocked, id=4288, stack(0x0000000029630000,0x0000000029730000)]
  0x000000001d37c800 JavaThread "Thread-314" [_thread_blocked, id=6148, stack(0x0000000029530000,0x0000000029630000)]
  0x000000001d37f800 JavaThread "Thread-315" [_thread_blocked, id=11884, stack(0x0000000029430000,0x0000000029530000)]
  0x000000001d37f000 JavaThread "Thread-312" [_thread_blocked, id=9584, stack(0x0000000029330000,0x0000000029430000)]
  0x000000001d37d800 JavaThread "Thread-313" [_thread_blocked, id=6748, stack(0x0000000029230000,0x0000000029330000)]
  0x000000001d63c000 JavaThread "Thread-310" [_thread_blocked, id=11572, stack(0x0000000029130000,0x0000000029230000)]
  0x000000001d63b000 JavaThread "Thread-311" [_thread_blocked, id=13872, stack(0x0000000029030000,0x0000000029130000)]
  0x000000001d637800 JavaThread "Thread-308" [_thread_blocked, id=5504, stack(0x0000000028f30000,0x0000000029030000)]
  0x000000001d63a800 JavaThread "Thread-309" [_thread_blocked, id=5440, stack(0x0000000028e30000,0x0000000028f30000)]
  0x000000001d639000 JavaThread "Thread-306" [_thread_blocked, id=32, stack(0x0000000028d30000,0x0000000028e30000)]
  0x000000001d638000 JavaThread "Thread-307" [_thread_blocked, id=13948, stack(0x0000000028c30000,0x0000000028d30000)]
  0x000000001d639800 JavaThread "Thread-304" [_thread_blocked, id=12604, stack(0x0000000028b30000,0x0000000028c30000)]
  0x000000001d636800 JavaThread "Thread-305" [_thread_blocked, id=8024, stack(0x0000000028a30000,0x0000000028b30000)]
  0x000000001d633000 JavaThread "Thread-302" [_thread_blocked, id=10008, stack(0x0000000028930000,0x0000000028a30000)]
  0x000000001d636000 JavaThread "Thread-303" [_thread_blocked, id=8824, stack(0x0000000028830000,0x0000000028930000)]
  0x000000001d632000 JavaThread "Thread-300" [_thread_blocked, id=11868, stack(0x0000000028730000,0x0000000028830000)]
  0x000000001d635000 JavaThread "Thread-301" [_thread_blocked, id=12996, stack(0x0000000028630000,0x0000000028730000)]
  0x000000001d634800 JavaThread "Thread-298" [_thread_blocked, id=8776, stack(0x0000000028530000,0x0000000028630000)]
  0x000000001d630800 JavaThread "Thread-299" [_thread_blocked, id=6584, stack(0x0000000028430000,0x0000000028530000)]
  0x000000001d633800 JavaThread "Thread-296" [_thread_blocked, id=14216, stack(0x0000000028330000,0x0000000028430000)]
  0x000000001d631800 JavaThread "Thread-297" [_thread_blocked, id=8856, stack(0x0000000028230000,0x0000000028330000)]
  0x000000001d62d000 JavaThread "Thread-294" [_thread_blocked, id=5056, stack(0x0000000028130000,0x0000000028230000)]
  0x000000001d62e800 JavaThread "Thread-295" [_thread_blocked, id=3336, stack(0x0000000028030000,0x0000000028130000)]
  0x000000001d62f000 JavaThread "Thread-292" [_thread_blocked, id=12948, stack(0x0000000027b30000,0x0000000027c30000)]
  0x000000001d62d800 JavaThread "Thread-293" [_thread_blocked, id=5920, stack(0x0000000027a30000,0x0000000027b30000)]
  0x000000001d630000 JavaThread "Thread-290" [_thread_blocked, id=12328, stack(0x0000000027930000,0x0000000027a30000)]
  0x000000001d95b000 JavaThread "Thread-291" [_thread_blocked, id=1084, stack(0x0000000027830000,0x0000000027930000)]
  0x000000001d95a000 JavaThread "Thread-288" [_thread_blocked, id=8120, stack(0x0000000027730000,0x0000000027830000)]
  0x000000001d959800 JavaThread "Thread-289" [_thread_blocked, id=6400, stack(0x0000000027630000,0x0000000027730000)]
  0x000000001d958800 JavaThread "Thread-286" [_thread_blocked, id=7204, stack(0x0000000027530000,0x0000000027630000)]
  0x000000001d955000 JavaThread "Thread-287" [_thread_blocked, id=5732, stack(0x0000000027430000,0x0000000027530000)]
  0x000000001d958000 JavaThread "Thread-284" [_thread_blocked, id=7460, stack(0x0000000027330000,0x0000000027430000)]
  0x000000001d957000 JavaThread "Thread-285" [_thread_blocked, id=5444, stack(0x0000000027230000,0x0000000027330000)]
  0x000000001d956800 JavaThread "Thread-282" [_thread_blocked, id=9540, stack(0x0000000027130000,0x0000000027230000)]
  0x000000001d952800 JavaThread "Thread-283" [_thread_blocked, id=11816, stack(0x0000000027030000,0x0000000027130000)]
  0x000000001d955800 JavaThread "Thread-280" [_thread_blocked, id=9404, stack(0x0000000026f30000,0x0000000027030000)]
  0x000000001d951800 JavaThread "Thread-281" [_thread_blocked, id=13728, stack(0x0000000026e30000,0x0000000026f30000)]
  0x000000001d953000 JavaThread "Thread-278" [_thread_blocked, id=10372, stack(0x0000000026d30000,0x0000000026e30000)]
  0x000000001d954000 JavaThread "Thread-279" [_thread_blocked, id=5624, stack(0x0000000026c30000,0x0000000026d30000)]
  0x000000001d951000 JavaThread "Thread-276" [_thread_blocked, id=7248, stack(0x0000000026b30000,0x0000000026c30000)]
  0x000000001d950000 JavaThread "Thread-277" [_thread_blocked, id=7592, stack(0x0000000026a30000,0x0000000026b30000)]
  0x000000001d94c800 JavaThread "Thread-274" [_thread_blocked, id=7748, stack(0x0000000026930000,0x0000000026a30000)]
  0x000000001d94e800 JavaThread "Thread-275" [_thread_blocked, id=9320, stack(0x0000000026830000,0x0000000026930000)]
  0x000000001d94f800 JavaThread "Thread-272" [_thread_blocked, id=7408, stack(0x0000000026730000,0x0000000026830000)]
  0x000000001d94b800 JavaThread "Thread-273" [_thread_blocked, id=9576, stack(0x0000000026630000,0x0000000026730000)]
  0x000000001d94d000 JavaThread "Thread-270" [_thread_blocked, id=14120, stack(0x0000000026530000,0x0000000026630000)]
  0x000000001d94e000 JavaThread "Thread-271" [_thread_blocked, id=4068, stack(0x0000000026430000,0x0000000026530000)]
  0x000000001d5ce800 JavaThread "Thread-268" [_thread_blocked, id=7916, stack(0x0000000026330000,0x0000000026430000)]
  0x000000001d5cd800 JavaThread "Thread-269" [_thread_blocked, id=11912, stack(0x0000000026230000,0x0000000026330000)]
  0x000000001d5ca000 JavaThread "Thread-266" [_thread_blocked, id=776, stack(0x0000000026130000,0x0000000026230000)]
  0x000000001d5cd000 JavaThread "Thread-267" [_thread_blocked, id=6812, stack(0x0000000026030000,0x0000000026130000)]
  0x000000001d5cc000 JavaThread "Thread-264" [_thread_blocked, id=5824, stack(0x0000000025f30000,0x0000000026030000)]
  0x000000001d5cb800 JavaThread "Thread-265" [_thread_blocked, id=11416, stack(0x0000000025e30000,0x0000000025f30000)]
  0x000000001d5c7800 JavaThread "Thread-262" [_thread_blocked, id=3124, stack(0x0000000025d30000,0x0000000025e30000)]
  0x000000001d5ca800 JavaThread "Thread-263" [_thread_blocked, id=5916, stack(0x0000000025c30000,0x0000000025d30000)]
  0x000000001d5c9000 JavaThread "Thread-260" [_thread_blocked, id=8180, stack(0x0000000025b30000,0x0000000025c30000)]
  0x000000001d5c8800 JavaThread "Thread-261" [_thread_blocked, id=5256, stack(0x0000000025a30000,0x0000000025b30000)]
  0x000000001d5c4000 JavaThread "Thread-258" [_thread_blocked, id=10940, stack(0x0000000025930000,0x0000000025a30000)]
  0x000000001d5c7000 JavaThread "Thread-259" [_thread_blocked, id=1800, stack(0x0000000025830000,0x0000000025930000)]
  0x000000001d5c6000 JavaThread "Thread-256" [_thread_blocked, id=3888, stack(0x0000000025730000,0x0000000025830000)]
  0x000000001d5c5800 JavaThread "Thread-257" [_thread_blocked, id=12800, stack(0x0000000025630000,0x0000000025730000)]
  0x000000001d5c4800 JavaThread "Thread-254" [_thread_blocked, id=6060, stack(0x0000000025530000,0x0000000025630000)]
  0x000000001d5c1000 JavaThread "Thread-255" [_thread_blocked, id=10316, stack(0x0000000025430000,0x0000000025530000)]
  0x000000001d5c1800 JavaThread "Thread-252" [_thread_blocked, id=14192, stack(0x0000000025330000,0x0000000025430000)]
  0x000000001d5c0000 JavaThread "Thread-253" [_thread_blocked, id=6344, stack(0x0000000025230000,0x0000000025330000)]
  0x000000001d5c3000 JavaThread "Thread-250" [_thread_blocked, id=4408, stack(0x0000000025130000,0x0000000025230000)]
  0x000000001d5bf800 JavaThread "Thread-251" [_thread_blocked, id=12524, stack(0x0000000025030000,0x0000000025130000)]
  0x000000001d5c2800 JavaThread "Thread-248" [_thread_blocked, id=9608, stack(0x0000000024f30000,0x0000000025030000)]
  0x000000001d1bc800 JavaThread "Thread-249" [_thread_blocked, id=4180, stack(0x0000000024e30000,0x0000000024f30000)]
  0x000000001d1bf800 JavaThread "Thread-246" [_thread_blocked, id=14264, stack(0x0000000024d30000,0x0000000024e30000)]
  0x000000001d1bb800 JavaThread "Thread-247" [_thread_blocked, id=12096, stack(0x0000000024c30000,0x0000000024d30000)]
  0x000000001d1be800 JavaThread "Thread-244" [_thread_blocked, id=10628, stack(0x0000000024b30000,0x0000000024c30000)]
  0x000000001d1bb000 JavaThread "Thread-245" [_thread_blocked, id=13488, stack(0x0000000024a30000,0x0000000024b30000)]
  0x000000001d1be000 JavaThread "Thread-242" [_thread_blocked, id=7528, stack(0x0000000024930000,0x0000000024a30000)]
  0x000000001d1ba000 JavaThread "Thread-243" [_thread_blocked, id=6888, stack(0x0000000024830000,0x0000000024930000)]
  0x000000001d1bd000 JavaThread "Thread-240" [_thread_blocked, id=7548, stack(0x0000000024730000,0x0000000024830000)]
  0x000000001d1b8800 JavaThread "Thread-241" [_thread_blocked, id=7296, stack(0x0000000024630000,0x0000000024730000)]
  0x000000001d1b9800 JavaThread "Thread-238" [_thread_blocked, id=8712, stack(0x0000000024530000,0x0000000024630000)]
  0x000000001d1b5000 JavaThread "Thread-239" [_thread_blocked, id=7832, stack(0x0000000024430000,0x0000000024530000)]
  0x000000001d1b7000 JavaThread "Thread-236" [_thread_blocked, id=6028, stack(0x0000000024330000,0x0000000024430000)]
  0x000000001d1b8000 JavaThread "Thread-237" [_thread_blocked, id=13392, stack(0x0000000024230000,0x0000000024330000)]
  0x000000001d1b6800 JavaThread "Thread-234" [_thread_blocked, id=7016, stack(0x0000000024130000,0x0000000024230000)]
  0x000000001d1b5800 JavaThread "Thread-235" [_thread_blocked, id=5388, stack(0x0000000024030000,0x0000000024130000)]
  0x000000001d1b1000 JavaThread "Thread-232" [_thread_blocked, id=5452, stack(0x0000000023f30000,0x0000000024030000)]
  0x000000001d1b4000 JavaThread "Thread-233" [_thread_blocked, id=6128, stack(0x0000000023e30000,0x0000000023f30000)]
  0x000000001d1b0800 JavaThread "Thread-230" [_thread_blocked, id=7100, stack(0x0000000023d30000,0x0000000023e30000)]
  0x000000001d1b2000 JavaThread "Thread-231" [_thread_blocked, id=11032, stack(0x0000000023c30000,0x0000000023d30000)]
  0x000000001d1b3800 JavaThread "Thread-228" [_thread_blocked, id=5044, stack(0x0000000023b30000,0x0000000023c30000)]
  0x000000001d1b2800 JavaThread "Thread-229" [_thread_blocked, id=8464, stack(0x0000000023a30000,0x0000000023b30000)]
  0x000000001a35e000 JavaThread "Thread-226" [_thread_blocked, id=8516, stack(0x0000000023930000,0x0000000023a30000)]
  0x000000001a35e800 JavaThread "Thread-227" [_thread_blocked, id=12444, stack(0x0000000023830000,0x0000000023930000)]
  0x000000001a35f800 JavaThread "Thread-224" [_thread_blocked, id=4972, stack(0x0000000023730000,0x0000000023830000)]
  0x000000001a35a000 JavaThread "Thread-225" [_thread_blocked, id=9628, stack(0x0000000023630000,0x0000000023730000)]
  0x000000001a35d000 JavaThread "Thread-222" [_thread_blocked, id=11708, stack(0x0000000023530000,0x0000000023630000)]
  0x000000001a35c800 JavaThread "Thread-223" [_thread_blocked, id=12636, stack(0x0000000023430000,0x0000000023530000)]
  0x000000001a35b000 JavaThread "Thread-220" [_thread_blocked, id=12796, stack(0x00000000230a0000,0x00000000231a0000)]
  0x000000001a35b800 JavaThread "Thread-221" [_thread_blocked, id=9096, stack(0x0000000022fa0000,0x00000000230a0000)]
  0x000000001a356800 JavaThread "Thread-218" [_thread_blocked, id=13232, stack(0x0000000022ea0000,0x0000000022fa0000)]
  0x000000001a358800 JavaThread "Thread-219" [_thread_blocked, id=216, stack(0x0000000022da0000,0x0000000022ea0000)]
  0x000000001a358000 JavaThread "Thread-216" [_thread_blocked, id=4160, stack(0x0000000022ca0000,0x0000000022da0000)]
  0x000000001a359800 JavaThread "Thread-217" [_thread_blocked, id=3720, stack(0x0000000022ba0000,0x0000000022ca0000)]
  0x000000001a355800 JavaThread "Thread-214" [_thread_blocked, id=1208, stack(0x0000000022aa0000,0x0000000022ba0000)]
  0x000000001a357000 JavaThread "Thread-215" [_thread_blocked, id=4908, stack(0x00000000229a0000,0x0000000022aa0000)]
  0x000000001a352000 JavaThread "Timer-4" [_thread_blocked, id=9108, stack(0x00000000228a0000,0x00000000229a0000)]
  0x000000001a353800 JavaThread "Thread-211" [_thread_in_native, id=4072, stack(0x00000000225c0000,0x00000000226c0000)]
  0x000000001a352800 JavaThread "Thread-210" [_thread_in_native, id=11532, stack(0x00000000224c0000,0x00000000225c0000)]
  0x000000001a355000 JavaThread "Thread-209" [_thread_in_native, id=7176, stack(0x00000000223c0000,0x00000000224c0000)]
  0x000000001a354000 JavaThread "Thread-208" [_thread_in_native, id=13040, stack(0x00000000220c0000,0x00000000221c0000)]
  0x000000001a350800 JavaThread "Thread-207" [_thread_in_native, id=8388, stack(0x0000000021fc0000,0x00000000220c0000)]
=>0x000000001a351000 JavaThread "Thread-206" [_thread_in_native, id=10704, stack(0x0000000021d50000,0x0000000021e50000)]
  0x00000000191b0000 JavaThread "Java Sound Event Dispatcher" daemon [_thread_blocked, id=8144, stack(0x0000000020880000,0x0000000020980000)]
  0x00000000191ab000 JavaThread "Timer-3" [_thread_blocked, id=3168, stack(0x000000001be60000,0x000000001bf60000)]
  0x00000000191ae800 JavaThread "Timer-1" [_thread_blocked, id=13236, stack(0x0000000020440000,0x0000000020540000)]
  0x00000000191ab800 JavaThread "gstreamer service thread 1" daemon [_thread_blocked, id=11464, stack(0x000000001fef0000,0x000000001fff0000)]
  0x000000001a812000 JavaThread "Thread-3" [_thread_in_native, id=8800, stack(0x000000001ca40000,0x000000001cb40000)]
  0x000000001a587000 JavaThread "Animation Thread" [_thread_blocked, id=6108, stack(0x000000001c640000,0x000000001c740000)]
  0x000000000093d800 JavaThread "DestroyJavaVM" [_thread_blocked, id=4708, stack(0x0000000002120000,0x0000000002220000)]
  0x000000001a64a800 JavaThread "Animation Thread" [_thread_in_native, id=8200, stack(0x000000001c260000,0x000000001c360000)]
  0x000000001a477800 JavaThread "AWT-EventQueue-0" [_thread_blocked, id=7264, stack(0x000000001bc60000,0x000000001bd60000)]
  0x000000001a460000 JavaThread "AWT-Windows" daemon [_thread_in_native, id=7360, stack(0x000000001ad40000,0x000000001ae40000)]
  0x000000001a45f000 JavaThread "AWT-Shutdown" [_thread_blocked, id=10352, stack(0x000000001ac40000,0x000000001ad40000)]
  0x000000001a45c800 JavaThread "Java2D Disposer" daemon [_thread_blocked, id=1416, stack(0x000000001ab40000,0x000000001ac40000)]
  0x000000001923f000 JavaThread "Service Thread" daemon [_thread_blocked, id=1056, stack(0x0000000019d70000,0x0000000019e70000)]
  0x00000000191ad000 JavaThread "C1 CompilerThread3" daemon [_thread_blocked, id=4984, stack(0x0000000019c70000,0x0000000019d70000)]
  0x00000000191a7800 JavaThread "C2 CompilerThread2" daemon [_thread_in_native, id=10688, stack(0x0000000019b70000,0x0000000019c70000)]
  0x00000000191a0000 JavaThread "C2 CompilerThread1" daemon [_thread_blocked, id=9536, stack(0x0000000019a70000,0x0000000019b70000)]
  0x000000001919a000 JavaThread "C2 CompilerThread0" daemon [_thread_blocked, id=10988, stack(0x0000000019970000,0x0000000019a70000)]
  0x0000000019198800 JavaThread "Attach Listener" daemon [_thread_blocked, id=6200, stack(0x0000000019870000,0x0000000019970000)]
  0x0000000019197000 JavaThread "Signal Dispatcher" daemon [_thread_blocked, id=3372, stack(0x0000000019770000,0x0000000019870000)]
  0x000000000231e000 JavaThread "Finalizer" daemon [_thread_blocked, id=8588, stack(0x0000000019570000,0x0000000019670000)]
  0x0000000002315000 JavaThread "Reference Handler" daemon [_thread_blocked, id=8840, stack(0x0000000019070000,0x0000000019170000)]

Other Threads:
  0x0000000017299000 VMThread [stack: 0x0000000018f70000,0x0000000019070000] [id=7160]
  0x000000001925a800 WatcherThread [stack: 0x000000001a240000,0x000000001a340000] [id=920]

VM state:not at safepoint (normal execution)

VM Mutex/Monitor currently owned by a thread: None

Heap:
 PSYoungGen      total 27648K, used 26539K [0x00000000d5f00000, 0x00000000d7b00000, 0x0000000100000000)
  eden space 26624K, 97% used [0x00000000d5f00000,0x00000000d7872d70,0x00000000d7900000)
  from space 1024K, 46% used [0x00000000d7900000,0x00000000d7978000,0x00000000d7a00000)
  to   space 1024K, 0% used [0x00000000d7a00000,0x00000000d7a00000,0x00000000d7b00000)
 ParOldGen       total 119808K, used 91829K [0x0000000081c00000, 0x0000000089100000, 0x00000000d5f00000)
  object space 119808K, 76% used [0x0000000081c00000,0x00000000875ad5a0,0x0000000089100000)
 Metaspace       used 18597K, capacity 18958K, committed 19328K, reserved 1067008K
  class space    used 2054K, capacity 2153K, committed 2176K, reserved 1048576K

Card table byte_map: [0x00000000116e0000,0x0000000011ae0000] byte_map_base: 0x00000000112d2000

Marking Bits: (ParMarkBitMap*) 0x00000000566ec720
 Begin Bits: [0x0000000012590000, 0x0000000014520000)
 End Bits:   [0x0000000014520000, 0x00000000164b0000)

Polling page: 0x0000000000940000

CodeCache: size=245760Kb used=11642Kb max_used=12898Kb free=234117Kb
 bounds [0x0000000002320000, 0x0000000003030000, 0x0000000011320000]
 total_blobs=3854 nmethods=3264 adapters=502
 compilation: enabled

Compilation events (10 events):
Event: 246.548 Thread 0x00000000191a7800 nmethod 4191 0x00000000028b5950 code [0x00000000028b5aa0, 0x00000000028b5c38]
Event: 246.561 Thread 0x00000000191a0000 4192       4       sun.font.StandardGlyphVector::setRenderTransform (44 bytes)
Event: 246.562 Thread 0x00000000191a0000 nmethod 4192 0x00000000028b5410 code [0x00000000028b5560, 0x00000000028b5758]
Event: 246.866 Thread 0x00000000191ad000 4193   !   3       sun.awt.GlobalCursorManager$NativeUpdater::run (43 bytes)
Event: 246.866 Thread 0x00000000191ad000 nmethod 4193 0x0000000002df5550 code [0x0000000002df56c0, 0x0000000002df5ae8]
Event: 247.027 Thread 0x000000001919a000 4194 %     4       processing.core.PGraphics::text @ 109 (171 bytes)
Event: 247.214 Thread 0x00000000191ad000 4195       3       org.jbox2d.collision.broadphase.DynamicTree::removeLeaf (184 bytes)
Event: 247.214 Thread 0x00000000191ad000 nmethod 4195 0x0000000002921850 code [0x0000000002921a20, 0x0000000002922078]
Event: 247.388 Thread 0x000000001919a000 nmethod 4194% 0x0000000002d84b10 code [0x0000000002d85260, 0x0000000002d8b9c8]
Event: 248.277 Thread 0x00000000191a7800 4196 %     4       processing.core.PGraphics::text @ 9 (171 bytes)

GC Heap History (10 events):
Event: 238.881 GC heap before
{Heap before GC invocations=212 (full 1):
 PSYoungGen      total 27648K, used 27104K [0x00000000d5f00000, 0x00000000d7b00000, 0x0000000100000000)
  eden space 26624K, 100% used [0x00000000d5f00000,0x00000000d7900000,0x00000000d7900000)
  from space 1024K, 46% used [0x00000000d7a00000,0x00000000d7a78000,0x00000000d7b00000)
  to   space 1024K, 0% used [0x00000000d7900000,0x00000000d7900000,0x00000000d7a00000)
 ParOldGen       total 119808K, used 91570K [0x0000000081c00000, 0x0000000089100000, 0x00000000d5f00000)
  object space 119808K, 76% used [0x0000000081c00000,0x000000008756cad0,0x0000000089100000)
 Metaspace       used 18465K, capacity 18734K, committed 19072K, reserved 1067008K
  class space    used 2026K, capacity 2121K, committed 2176K, reserved 1048576K
Event: 238.882 GC heap after
Heap after GC invocations=212 (full 1):
 PSYoungGen      total 27648K, used 320K [0x00000000d5f00000, 0x00000000d7b00000, 0x0000000100000000)
  eden space 26624K, 0% used [0x00000000d5f00000,0x00000000d5f00000,0x00000000d7900000)
  from space 1024K, 31% used [0x00000000d7900000,0x00000000d7950000,0x00000000d7a00000)
  to   space 1024K, 0% used [0x00000000d7a00000,0x00000000d7a00000,0x00000000d7b00000)
 ParOldGen       total 119808K, used 91634K [0x0000000081c00000, 0x0000000089100000, 0x00000000d5f00000)
  object space 119808K, 76% used [0x0000000081c00000,0x000000008757cad0,0x0000000089100000)
 Metaspace       used 18465K, capacity 18734K, committed 19072K, reserved 1067008K
  class space    used 2026K, capacity 2121K, committed 2176K, reserved 1048576K
}
Event: 239.535 GC heap before
{Heap before GC invocations=213 (full 1):
 PSYoungGen      total 27648K, used 26944K [0x00000000d5f00000, 0x00000000d7b00000, 0x0000000100000000)
  eden space 26624K, 100% used [0x00000000d5f00000,0x00000000d7900000,0x00000000d7900000)
  from space 1024K, 31% used [0x00000000d7900000,0x00000000d7950000,0x00000000d7a00000)
  to   space 1024K, 0% used [0x00000000d7a00000,0x00000000d7a00000,0x00000000d7b00000)
 ParOldGen       total 119808K, used 91637K [0x0000000081c00000, 0x0000000089100000, 0x00000000d5f00000)
  object space 119808K, 76% used [0x0000000081c00000,0x000000008757d5a0,0x0000000089100000)
 Metaspace       used 18465K, capacity 18734K, committed 19072K, reserved 1067008K
  class space    used 2026K, capacity 2121K, committed 2176K, reserved 1048576K
Event: 239.537 GC heap after
Heap after GC invocations=213 (full 1):
 PSYoungGen      total 27648K, used 288K [0x00000000d5f00000, 0x00000000d7b00000, 0x0000000100000000)
  eden space 26624K, 0% used [0x00000000d5f00000,0x00000000d5f00000,0x00000000d7900000)
  from space 1024K, 28% used [0x00000000d7a00000,0x00000000d7a48000,0x00000000d7b00000)
  to   space 1024K, 0% used [0x00000000d7900000,0x00000000d7900000,0x00000000d7a00000)
 ParOldGen       total 119808K, used 91693K [0x0000000081c00000, 0x0000000089100000, 0x00000000d5f00000)
  object space 119808K, 76% used [0x0000000081c00000,0x000000008758b5a0,0x0000000089100000)
 Metaspace       used 18465K, capacity 18734K, committed 19072K, reserved 1067008K
  class space    used 2026K, capacity 2121K, committed 2176K, reserved 1048576K
}
Event: 240.198 GC heap before
{Heap before GC invocations=214 (full 1):
 PSYoungGen      total 27648K, used 26912K [0x00000000d5f00000, 0x00000000d7b00000, 0x0000000100000000)
  eden space 26624K, 100% used [0x00000000d5f00000,0x00000000d7900000,0x00000000d7900000)
  from space 1024K, 28% used [0x00000000d7a00000,0x00000000d7a48000,0x00000000d7b00000)
  to   space 1024K, 0% used [0x00000000d7900000,0x00000000d7900000,0x00000000d7a00000)
 ParOldGen       total 119808K, used 91693K [0x0000000081c00000, 0x0000000089100000, 0x00000000d5f00000)
  object space 119808K, 76% used [0x0000000081c00000,0x000000008758b5a0,0x0000000089100000)
 Metaspace       used 18467K, capacity 18734K, committed 19072K, reserved 1067008K
  class space    used 2026K, capacity 2121K, committed 2176K, reserved 1048576K
Event: 240.200 GC heap after
Heap after GC invocations=214 (full 1):
 PSYoungGen      total 27648K, used 320K [0x00000000d5f00000, 0x00000000d7b00000, 0x0000000100000000)
  eden space 26624K, 0% used [0x00000000d5f00000,0x00000000d5f00000,0x00000000d7900000)
  from space 1024K, 31% used [0x00000000d7900000,0x00000000d7950000,0x00000000d7a00000)
  to   space 1024K, 0% used [0x00000000d7a00000,0x00000000d7a00000,0x00000000d7b00000)
 ParOldGen       total 119808K, used 91725K [0x0000000081c00000, 0x0000000089100000, 0x00000000d5f00000)
  object space 119808K, 76% used [0x0000000081c00000,0x00000000875935a0,0x0000000089100000)
 Metaspace       used 18467K, capacity 18734K, committed 19072K, reserved 1067008K
  class space    used 2026K, capacity 2121K, committed 2176K, reserved 1048576K
}
Event: 240.857 GC heap before
{Heap before GC invocations=215 (full 1):
 PSYoungGen      total 27648K, used 26940K [0x00000000d5f00000, 0x00000000d7b00000, 0x0000000100000000)
  eden space 26624K, 99% used [0x00000000d5f00000,0x00000000d78ff240,0x00000000d7900000)
  from space 1024K, 31% used [0x00000000d7900000,0x00000000d7950000,0x00000000d7a00000)
  to   space 1024K, 0% used [0x00000000d7a00000,0x00000000d7a00000,0x00000000d7b00000)
 ParOldGen       total 119808K, used 91725K [0x0000000081c00000, 0x0000000089100000, 0x00000000d5f00000)
  object space 119808K, 76% used [0x0000000081c00000,0x00000000875935a0,0x0000000089100000)
 Metaspace       used 18474K, capacity 18798K, committed 19072K, reserved 1067008K
  class space    used 2026K, capacity 2121K, committed 2176K, reserved 1048576K
Event: 240.858 GC heap after
Heap after GC invocations=215 (full 1):
 PSYoungGen      total 27648K, used 384K [0x00000000d5f00000, 0x00000000d7b00000, 0x0000000100000000)
  eden space 26624K, 0% used [0x00000000d5f00000,0x00000000d5f00000,0x00000000d7900000)
  from space 1024K, 37% used [0x00000000d7a00000,0x00000000d7a60000,0x00000000d7b00000)
  to   space 1024K, 0% used [0x00000000d7900000,0x00000000d7900000,0x00000000d7a00000)
 ParOldGen       total 119808K, used 91781K [0x0000000081c00000, 0x0000000089100000, 0x00000000d5f00000)
  object space 119808K, 76% used [0x0000000081c00000,0x00000000875a15a0,0x0000000089100000)
 Metaspace       used 18474K, capacity 18798K, committed 19072K, reserved 1067008K
  class space    used 2026K, capacity 2121K, committed 2176K, reserved 1048576K
}
Event: 244.532 GC heap before
{Heap before GC invocations=216 (full 1):
 PSYoungGen      total 27648K, used 27008K [0x00000000d5f00000, 0x00000000d7b00000, 0x0000000100000000)
  eden space 26624K, 100% used [0x00000000d5f00000,0x00000000d7900000,0x00000000d7900000)
  from space 1024K, 37% used [0x00000000d7a00000,0x00000000d7a60000,0x00000000d7b00000)
  to   space 1024K, 0% used [0x00000000d7900000,0x00000000d7900000,0x00000000d7a00000)
 ParOldGen       total 119808K, used 91781K [0x0000000081c00000, 0x0000000089100000, 0x00000000d5f00000)
  object space 119808K, 76% used [0x0000000081c00000,0x00000000875a15a0,0x0000000089100000)
 Metaspace       used 18515K, capacity 18862K, committed 19072K, reserved 1067008K
  class space    used 2027K, capacity 2121K, committed 2176K, reserved 1048576K
Event: 244.533 GC heap after
Heap after GC invocations=216 (full 1):
 PSYoungGen      total 27648K, used 480K [0x00000000d5f00000, 0x00000000d7b00000, 0x0000000100000000)
  eden space 26624K, 0% used [0x00000000d5f00000,0x00000000d5f00000,0x00000000d7900000)
  from space 1024K, 46% used [0x00000000d7900000,0x00000000d7978000,0x00000000d7a00000)
  to   space 1024K, 0% used [0x00000000d7a00000,0x00000000d7a00000,0x00000000d7b00000)
 ParOldGen       total 119808K, used 91829K [0x0000000081c00000, 0x0000000089100000, 0x00000000d5f00000)
  object space 119808K, 76% used [0x0000000081c00000,0x00000000875ad5a0,0x0000000089100000)
 Metaspace       used 18515K, capacity 18862K, committed 19072K, reserved 1067008K
  class space    used 2027K, capacity 2121K, committed 2176K, reserved 1048576K
}

Deoptimization events (10 events):
Event: 240.909 Thread 0x000000001d7e8800 Uncommon trap: reason=null_check action=maybe_recompile pc=0x0000000002d4ca54 method=background.DisplayBackground.move()V @ 191
Event: 240.909 Thread 0x000000001d7e8800 Uncommon trap: reason=null_check action=maybe_recompile pc=0x0000000002d4ca54 method=background.DisplayBackground.move()V @ 191
Event: 240.909 Thread 0x000000001d7e8800 Uncommon trap: reason=null_check action=maybe_recompile pc=0x0000000002d4ca54 method=background.DisplayBackground.move()V @ 191
Event: 240.926 Thread 0x000000001a64a800 Uncommon trap: reason=bimorphic action=maybe_recompile pc=0x0000000002deedf4 method=sun.dc.DuctusRenderingEngine.getAATileGenerator(Ljava/awt/Shape;Ljava/awt/geom/AffineTransform;Lsun/java2d/pipe/Region;Ljava/awt/BasicStroke;ZZ[I)Lsun/java2d/pipe/AATileGe
Event: 240.932 Thread 0x000000001a353800 Uncommon trap: reason=unstable_if action=reinterpret pc=0x0000000002ca38e0 method=ddf.minim.javasound.JSBaseAudioRecordingStream.read(Lddf/minim/MultiChannelBuffer;)V @ 47
Event: 240.943 Thread 0x000000001a64a800 Uncommon trap: reason=bimorphic action=maybe_recompile pc=0x0000000002deedf4 method=sun.dc.DuctusRenderingEngine.getAATileGenerator(Ljava/awt/Shape;Ljava/awt/geom/AffineTransform;Lsun/java2d/pipe/Region;Ljava/awt/BasicStroke;ZZ[I)Lsun/java2d/pipe/AATileGe
Event: 241.141 Thread 0x000000001a64a800 Uncommon trap: reason=unstable_if action=reinterpret pc=0x000000000285d65c method=sun.java2d.SunGraphics2D.validateBasicStroke(Ljava/awt/BasicStroke;)V @ 90
Event: 241.343 Thread 0x000000001a64a800 Uncommon trap: reason=unstable_if action=reinterpret pc=0x0000000002ca0e58 method=org.jbox2d.collision.broadphase.DynamicTree.insertLeaf(I)V @ 11
Event: 243.078 Thread 0x000000001a64a800 Uncommon trap: reason=unstable_if action=reinterpret pc=0x00000000024ad49c method=front.Firework.pintar(Lprocessing/core/PApplet;)V @ 196
Event: 244.312 Thread 0x000000001a64a800 Uncommon trap: reason=unstable_if action=reinterpret pc=0x0000000002a82674 method=front.Firework.pintar(Lprocessing/core/PApplet;)V @ 73

Internal exceptions (10 events):
Event: 1.838 Thread 0x000000001a64a800 Exception <a 'java/lang/NullPointerException'> (0x00000000d65cac78) thrown at [C:\re\workspace\8-2-build-windows-amd64-cygwin\jdk8u131\8869\hotspot\src\share\vm\runtime\sharedRuntime.cpp, line 605]
Event: 1.838 Thread 0x000000001a64a800 Exception <a 'java/lang/UnsatisfiedLinkError': No se puede encontrar el mdulo especificado.
> (0x00000000d65cb4c0) thrown at [C:\re\workspace\8-2-build-windows-amd64-cygwin\jdk8u131\8869\hotspot\src\share\vm\prims\jni.cpp, line 735]
Event: 1.839 Thread 0x000000001a64a800 Exception <a 'java/lang/UnsatisfiedLinkError': No se puede encontrar el mdulo especificado.
> (0x00000000d65cbc68) thrown at [C:\re\workspace\8-2-build-windows-amd64-cygwin\jdk8u131\8869\hotspot\src\share\vm\prims\jni.cpp, line 735]
Event: 1.839 Thread 0x000000001a64a800 Exception <a 'java/lang/UnsatisfiedLinkError': No se puede encontrar el mdulo especificado.
> (0x00000000d65cc500) thrown at [C:\re\workspace\8-2-build-windows-amd64-cygwin\jdk8u131\8869\hotspot\src\share\vm\prims\jni.cpp, line 735]
Event: 16.463 Thread 0x000000001a64a800 Implicit null exception at 0x0000000002bbc217 to 0x0000000002bbc451
Event: 41.759 Thread 0x000000001a64a800 Implicit null exception at 0x00000000029eb4b5 to 0x00000000029ec1fd
Event: 240.886 Thread 0x000000001a64a800 Implicit null exception at 0x0000000002f54797 to 0x0000000002f54a41
Event: 240.909 Thread 0x000000001d7e8800 Implicit null exception at 0x0000000002d4c45f to 0x0000000002d4ca49
Event: 240.909 Thread 0x000000001d7e8800 Implicit null exception at 0x0000000002d4c45f to 0x0000000002d4ca49
Event: 240.909 Thread 0x000000001d7e8800 Implicit null exception at 0x0000000002d4c45f to 0x0000000002d4ca49

Events (10 events):
Event: 245.821 loading class javax/swing/JInternalFrame
Event: 245.821 loading class javax/swing/JInternalFrame done
Event: 245.821 loading class javax/swing/KeyboardManager
Event: 245.821 loading class javax/swing/KeyboardManager done
Event: 245.821 loading class javax/swing/Popup$HeavyWeightWindow
Event: 245.821 loading class sun/awt/ModalExclude
Event: 245.821 loading class sun/awt/ModalExclude done
Event: 245.821 loading class javax/swing/JWindow
Event: 245.821 loading class javax/swing/JWindow done
Event: 245.821 loading class javax/swing/Popup$HeavyWeightWindow done


Dynamic libraries:
0x00007ff7097a0000 - 0x00007ff7097d7000 	C:\Program Files\Java\jre1.8.0_131\bin\javaw.exe
0x00007ffc78880000 - 0x00007ffc78a2d000 	C:\WINDOWS\SYSTEM32\ntdll.dll
0x00007ffc760d0000 - 0x00007ffc7620e000 	C:\WINDOWS\system32\KERNEL32.DLL
0x00007ffc5ac20000 - 0x00007ffc5ac53000 	C:\Program Files\AVAST Software\Avast\x64\aswhooka.dll
0x00007ffc75ce0000 - 0x00007ffc75df5000 	C:\WINDOWS\system32\KERNELBASE.dll
0x00007ffc74560000 - 0x00007ffc745ee000 	C:\WINDOWS\system32\apphelp.dll
0x00007ffc56670000 - 0x00007ffc566c3000 	C:\WINDOWS\AppPatch\AppPatch64\AcGenral.DLL
0x00007ffc75fb0000 - 0x00007ffc7605a000 	C:\WINDOWS\system32\msvcrt.dll
0x00007ffc75a70000 - 0x00007ffc75a9e000 	C:\WINDOWS\system32\SspiCli.dll
0x00007ffc78500000 - 0x00007ffc78554000 	C:\WINDOWS\system32\SHLWAPI.dll
0x00007ffc78380000 - 0x00007ffc784f7000 	C:\WINDOWS\system32\USER32.dll
0x00007ffc76be0000 - 0x00007ffc76d74000 	C:\WINDOWS\system32\ole32.dll
0x00007ffc76e50000 - 0x00007ffc78378000 	C:\WINDOWS\system32\SHELL32.dll
0x00007ffc74f60000 - 0x00007ffc74f81000 	C:\WINDOWS\SYSTEM32\USERENV.dll
0x00007ffc75f00000 - 0x00007ffc75faa000 	C:\WINDOWS\system32\ADVAPI32.dll
0x00007ffc5ba10000 - 0x00007ffc5ba2e000 	C:\WINDOWS\SYSTEM32\MPR.dll
0x00007ffc768e0000 - 0x00007ffc76a20000 	C:\WINDOWS\system32\RPCRT4.dll
0x00007ffc76060000 - 0x00007ffc760b9000 	C:\WINDOWS\SYSTEM32\sechost.dll
0x00007ffc76500000 - 0x00007ffc76711000 	C:\WINDOWS\SYSTEM32\combase.dll
0x00007ffc76390000 - 0x00007ffc764df000 	C:\WINDOWS\system32\GDI32.dll
0x00007ffc759a0000 - 0x00007ffc759b5000 	C:\WINDOWS\SYSTEM32\profapi.dll
0x00007ffc73d80000 - 0x00007ffc73e32000 	C:\WINDOWS\SYSTEM32\SHCORE.dll
0x00007ffc76b80000 - 0x00007ffc76bb6000 	C:\WINDOWS\system32\IMM32.DLL
0x00007ffc76a20000 - 0x00007ffc76b72000 	C:\WINDOWS\system32\MSCTF.dll
0x00007ffc73900000 - 0x00007ffc73b7b000 	C:\WINDOWS\WinSxS\amd64_microsoft.windows.common-controls_6595b64144ccf1df_6.0.9600.18006_none_623f33d3ecbe86e8\COMCTL32.dll
0x0000000055c20000 - 0x0000000055cf2000 	C:\Program Files\Java\jre1.8.0_131\bin\msvcr100.dll
0x0000000055ed0000 - 0x000000005676c000 	C:\Program Files\Java\jre1.8.0_131\bin\server\jvm.dll
0x00007ffc63de0000 - 0x00007ffc63de9000 	C:\WINDOWS\SYSTEM32\WSOCK32.dll
0x00007ffc71bf0000 - 0x00007ffc71c12000 	C:\WINDOWS\SYSTEM32\WINMM.dll
0x00007ffc72540000 - 0x00007ffc7254a000 	C:\WINDOWS\SYSTEM32\VERSION.dll
0x00007ffc78560000 - 0x00007ffc78567000 	C:\WINDOWS\system32\PSAPI.DLL
0x00007ffc78570000 - 0x00007ffc785ca000 	C:\WINDOWS\system32\WS2_32.dll
0x00007ffc71a70000 - 0x00007ffc71a9a000 	C:\WINDOWS\SYSTEM32\WINMMBASE.dll
0x00007ffc764e0000 - 0x00007ffc764e9000 	C:\WINDOWS\system32\NSI.dll
0x00007ffc75eb0000 - 0x00007ffc75eff000 	C:\WINDOWS\SYSTEM32\cfgmgr32.dll
0x00007ffc747c0000 - 0x00007ffc747e8000 	C:\WINDOWS\SYSTEM32\DEVOBJ.dll
0x0000000055de0000 - 0x0000000055def000 	C:\Program Files\Java\jre1.8.0_131\bin\verify.dll
0x0000000055db0000 - 0x0000000055dd9000 	C:\Program Files\Java\jre1.8.0_131\bin\java.dll
0x0000000055d90000 - 0x0000000055da6000 	C:\Program Files\Java\jre1.8.0_131\bin\zip.dll
0x0000000055a80000 - 0x0000000055c18000 	C:\Program Files\Java\jre1.8.0_131\bin\awt.dll
0x00007ffc787b0000 - 0x00007ffc78876000 	C:\WINDOWS\system32\OLEAUT32.dll
0x00007ffc74600000 - 0x00007ffc74729000 	C:\WINDOWS\system32\uxtheme.dll
0x00007ffc73b80000 - 0x00007ffc73ba1000 	C:\WINDOWS\system32\dwmapi.dll
0x00007ffc74730000 - 0x00007ffc7473b000 	C:\WINDOWS\SYSTEM32\kernel.appcore.dll
0x00007ffc75810000 - 0x00007ffc7581b000 	C:\WINDOWS\SYSTEM32\CRYPTBASE.dll
0x00007ffc757a0000 - 0x00007ffc75803000 	C:\WINDOWS\SYSTEM32\bcryptPrimitives.dll
0x00007ffc5eab0000 - 0x00007ffc5ebdb000 	C:\WINDOWS\system32\opengl32.dll
0x00007ffc72550000 - 0x00007ffc7257e000 	C:\WINDOWS\SYSTEM32\GLU32.dll
0x00007ffc5e7d0000 - 0x00007ffc5e8c8000 	C:\WINDOWS\SYSTEM32\DDRAW.dll
0x00007ffc743e0000 - 0x00007ffc743e9000 	C:\WINDOWS\SYSTEM32\DCIMAN32.dll
0x0000000055a30000 - 0x0000000055a77000 	C:\Program Files\Java\jre1.8.0_131\bin\fontmanager.dll
0x00007ffc75230000 - 0x00007ffc75250000 	C:\WINDOWS\SYSTEM32\CRYPTSP.dll
0x00007ffc74e50000 - 0x00007ffc74e86000 	C:\WINDOWS\system32\rsaenh.dll
0x00007ffc75480000 - 0x00007ffc754a6000 	C:\WINDOWS\SYSTEM32\bcrypt.dll
0x0000000055d70000 - 0x0000000055d8a000 	C:\Program Files\Java\jre1.8.0_131\bin\net.dll
0x00007ffc751d0000 - 0x00007ffc75229000 	C:\WINDOWS\system32\mswsock.dll
0x00007ffc6e400000 - 0x00007ffc6e42a000 	C:\WINDOWS\SYSTEM32\IPHLPAPI.DLL
0x00007ffc719b0000 - 0x00007ffc719ba000 	C:\WINDOWS\SYSTEM32\WINNSI.DLL
0x00007ffc6e040000 - 0x00007ffc6e056000 	C:\WINDOWS\SYSTEM32\dhcpcsvc6.DLL
0x00007ffc6e190000 - 0x00007ffc6e1aa000 	C:\WINDOWS\SYSTEM32\dhcpcsvc.DLL
0x0000000055d50000 - 0x0000000055d61000 	C:\Program Files\Java\jre1.8.0_131\bin\nio.dll
0x0000000055800000 - 0x0000000055842000 	C:\Program Files\Java\jre1.8.0_131\bin\t2k.dll
0x00007ffc55740000 - 0x00007ffc55777000 	C:\Users\ASUS_01\AppData\Local\Temp\jna-ASUS_01\jna3786410333232597309.dll
0x000000006d580000 - 0x000000006d6a2000 	D:\Universidad ICESI\7mo semestre\Arte y Tecnologia\ws_AyT\FinalProject_Art&Tec\libs\video\windows64\libgio-2.0-0.dll
0x00000000685c0000 - 0x0000000068709000 	D:\Universidad ICESI\7mo semestre\Arte y Tecnologia\ws_AyT\FinalProject_Art&Tec\libs\video\windows64\libglib-2.0-0.dll
0x000000006dd00000 - 0x000000006dd0f000 	D:\Universidad ICESI\7mo semestre\Arte y Tecnologia\ws_AyT\FinalProject_Art&Tec\libs\video\windows64\libgmodule-2.0-0.dll
0x0000000063a40000 - 0x0000000063a90000 	D:\Universidad ICESI\7mo semestre\Arte y Tecnologia\ws_AyT\FinalProject_Art&Tec\libs\video\windows64\libgobject-2.0-0.dll
0x00007ffc74fd0000 - 0x00007ffc75074000 	C:\WINDOWS\SYSTEM32\DNSAPI.dll
0x0000000061cc0000 - 0x0000000061ce8000 	D:\Universidad ICESI\7mo semestre\Arte y Tecnologia\ws_AyT\FinalProject_Art&Tec\libs\video\windows64\libintl-8.dll
0x0000000062e80000 - 0x0000000062ea0000 	D:\Universidad ICESI\7mo semestre\Arte y Tecnologia\ws_AyT\FinalProject_Art&Tec\libs\video\windows64\zlib1.dll
0x0000000065c40000 - 0x0000000065c50000 	D:\Universidad ICESI\7mo semestre\Arte y Tecnologia\ws_AyT\FinalProject_Art&Tec\libs\video\windows64\libgthread-2.0-0.dll
0x0000000066000000 - 0x00000000660fb000 	D:\Universidad ICESI\7mo semestre\Arte y Tecnologia\ws_AyT\FinalProject_Art&Tec\libs\video\windows64\libiconv-2.dll
0x000000006da40000 - 0x000000006da56000 	D:\Universidad ICESI\7mo semestre\Arte y Tecnologia\ws_AyT\FinalProject_Art&Tec\libs\video\windows64\libgstapp-0.10-0.dll
0x000000006cac0000 - 0x000000006cb29000 	D:\Universidad ICESI\7mo semestre\Arte y Tecnologia\ws_AyT\FinalProject_Art&Tec\libs\video\windows64\libgstbase-0.10-0.dll
0x000000006b6c0000 - 0x000000006b7ac000 	D:\Universidad ICESI\7mo semestre\Arte y Tecnologia\ws_AyT\FinalProject_Art&Tec\libs\video\windows64\libgstreamer-0.10-0.dll
0x0000000070f40000 - 0x00000000710d9000 	D:\Universidad ICESI\7mo semestre\Arte y Tecnologia\ws_AyT\FinalProject_Art&Tec\libs\video\windows64\libxml2-2.dll
0x0000000070680000 - 0x00000000706ae000 	D:\Universidad ICESI\7mo semestre\Arte y Tecnologia\ws_AyT\FinalProject_Art&Tec\libs\video\windows64\libgstaudio-0.10-0.dll
0x0000000064240000 - 0x0000000064259000 	D:\Universidad ICESI\7mo semestre\Arte y Tecnologia\ws_AyT\FinalProject_Art&Tec\libs\video\windows64\libgstinterfaces-0.10-0.dll
0x000000006f540000 - 0x000000006f558000 	D:\Universidad ICESI\7mo semestre\Arte y Tecnologia\ws_AyT\FinalProject_Art&Tec\libs\video\windows64\libgstbasevideo-0.10-0.dll
0x0000000062ac0000 - 0x0000000062ad6000 	D:\Universidad ICESI\7mo semestre\Arte y Tecnologia\ws_AyT\FinalProject_Art&Tec\libs\video\windows64\libgstvideo-0.10-0.dll
0x000000006b7c0000 - 0x000000006b7d5000 	D:\Universidad ICESI\7mo semestre\Arte y Tecnologia\ws_AyT\FinalProject_Art&Tec\libs\video\windows64\libgstcdda-0.10-0.dll
0x00000000637c0000 - 0x00000000637f7000 	D:\Universidad ICESI\7mo semestre\Arte y Tecnologia\ws_AyT\FinalProject_Art&Tec\libs\video\windows64\libgsttag-0.10-0.dll
0x00000000625c0000 - 0x00000000625f1000 	D:\Universidad ICESI\7mo semestre\Arte y Tecnologia\ws_AyT\FinalProject_Art&Tec\libs\video\windows64\libgstcontroller-0.10-0.dll
0x000000001af90000 - 0x000000001afa0000 	D:\Universidad ICESI\7mo semestre\Arte y Tecnologia\ws_AyT\FinalProject_Art&Tec\libs\video\windows64\libgstdataprotocol-0.10-0.dll
0x000000006d300000 - 0x000000006d318000 	D:\Universidad ICESI\7mo semestre\Arte y Tecnologia\ws_AyT\FinalProject_Art&Tec\libs\video\windows64\libgstfft-0.10-0.dll
0x000000006b880000 - 0x000000006b892000 	D:\Universidad ICESI\7mo semestre\Arte y Tecnologia\ws_AyT\FinalProject_Art&Tec\libs\video\windows64\libgstnet-0.10-0.dll
0x000000006a200000 - 0x000000006a20e000 	D:\Universidad ICESI\7mo semestre\Arte y Tecnologia\ws_AyT\FinalProject_Art&Tec\libs\video\windows64\libgstnetbuffer-0.10-0.dll
0x0000000069f00000 - 0x0000000069f29000 	D:\Universidad ICESI\7mo semestre\Arte y Tecnologia\ws_AyT\FinalProject_Art&Tec\libs\video\windows64\libgstpbutils-0.10-0.dll
0x0000000070ac0000 - 0x0000000070ad0000 	D:\Universidad ICESI\7mo semestre\Arte y Tecnologia\ws_AyT\FinalProject_Art&Tec\libs\video\windows64\libgstphotography-0.10-0.dll
0x0000000070140000 - 0x0000000070158000 	D:\Universidad ICESI\7mo semestre\Arte y Tecnologia\ws_AyT\FinalProject_Art&Tec\libs\video\windows64\libgstriff-0.10-0.dll
0x000000001cb40000 - 0x000000001cb61000 	D:\Universidad ICESI\7mo semestre\Arte y Tecnologia\ws_AyT\FinalProject_Art&Tec\libs\video\windows64\libgstrtp-0.10-0.dll
0x0000000069740000 - 0x0000000069760000 	D:\Universidad ICESI\7mo semestre\Arte y Tecnologia\ws_AyT\FinalProject_Art&Tec\libs\video\windows64\libgstrtsp-0.10-0.dll
0x00000000628c0000 - 0x00000000628d2000 	D:\Universidad ICESI\7mo semestre\Arte y Tecnologia\ws_AyT\FinalProject_Art&Tec\libs\video\windows64\libgstsdp-0.10-0.dll
0x0000000064a40000 - 0x0000000064a51000 	D:\Universidad ICESI\7mo semestre\Arte y Tecnologia\ws_AyT\FinalProject_Art&Tec\libs\video\windows64\libgstsignalprocessor-0.10-0.dll
0x000000006b800000 - 0x000000006b855000 	D:\Universidad ICESI\7mo semestre\Arte y Tecnologia\ws_AyT\FinalProject_Art&Tec\libs\video\windows64\libjpeg-8.dll
0x000000001cb70000 - 0x000000001cb80000 	D:\Universidad ICESI\7mo semestre\Arte y Tecnologia\ws_AyT\FinalProject_Art&Tec\libs\video\windows64\libogg-0.dll
0x0000000065680000 - 0x0000000065729000 	D:\Universidad ICESI\7mo semestre\Arte y Tecnologia\ws_AyT\FinalProject_Art&Tec\libs\video\windows64\liborc-0.4-0.dll
0x0000000069d80000 - 0x0000000069d92000 	D:\Universidad ICESI\7mo semestre\Arte y Tecnologia\ws_AyT\FinalProject_Art&Tec\libs\video\windows64\liborc-test-0.4-0.dll
0x0000000061a00000 - 0x0000000061a41000 	D:\Universidad ICESI\7mo semestre\Arte y Tecnologia\ws_AyT\FinalProject_Art&Tec\libs\video\windows64\libpng14-14.dll
0x000000006d380000 - 0x000000006d3d9000 	D:\Universidad ICESI\7mo semestre\Arte y Tecnologia\ws_AyT\FinalProject_Art&Tec\libs\video\windows64\libtheora-0.dll
0x0000000065b40000 - 0x0000000065b64000 	D:\Universidad ICESI\7mo semestre\Arte y Tecnologia\ws_AyT\FinalProject_Art&Tec\libs\video\windows64\libtheoradec-1.dll
0x0000000063100000 - 0x000000006314a000 	D:\Universidad ICESI\7mo semestre\Arte y Tecnologia\ws_AyT\FinalProject_Art&Tec\libs\video\windows64\libtheoraenc-1.dll
0x000000006d540000 - 0x000000006d579000 	D:\Universidad ICESI\7mo semestre\Arte y Tecnologia\ws_AyT\FinalProject_Art&Tec\libs\video\windows64\libvorbis-0.dll
0x000000001cd10000 - 0x000000001ce93000 	D:\Universidad ICESI\7mo semestre\Arte y Tecnologia\ws_AyT\FinalProject_Art&Tec\libs\video\windows64\libvorbisenc-2.dll
0x000000006b3c0000 - 0x000000006b3d2000 	D:\Universidad ICESI\7mo semestre\Arte y Tecnologia\ws_AyT\FinalProject_Art&Tec\libs\video\windows64\libvorbisfile-3.dll
0x0000000067b80000 - 0x0000000067b94000 	D:\Universidad ICESI\7mo semestre\Arte y Tecnologia\ws_AyT\FinalProject_Art&Tec\libs\video\windows64\plugins\libgstadder.dll
0x0000000071100000 - 0x000000007110e000 	D:\Universidad ICESI\7mo semestre\Arte y Tecnologia\ws_AyT\FinalProject_Art&Tec\libs\video\windows64\plugins\libgstadpcmdec.dll
0x000000006a1c0000 - 0x000000006a1ce000 	D:\Universidad ICESI\7mo semestre\Arte y Tecnologia\ws_AyT\FinalProject_Art&Tec\libs\video\windows64\plugins\libgstadpcmenc.dll
0x0000000070c00000 - 0x0000000070c17000 	D:\Universidad ICESI\7mo semestre\Arte y Tecnologia\ws_AyT\FinalProject_Art&Tec\libs\video\windows64\plugins\libgstaiff.dll
0x0000000061940000 - 0x0000000061950000 	D:\Universidad ICESI\7mo semestre\Arte y Tecnologia\ws_AyT\FinalProject_Art&Tec\libs\video\windows64\plugins\libgstalaw.dll
0x0000000070480000 - 0x000000007049a000 	D:\Universidad ICESI\7mo semestre\Arte y Tecnologia\ws_AyT\FinalProject_Art&Tec\libs\video\windows64\plugins\libgstalpha.dll
0x000000006c200000 - 0x000000006c20f000 	D:\Universidad ICESI\7mo semestre\Arte y Tecnologia\ws_AyT\FinalProject_Art&Tec\libs\video\windows64\plugins\libgstalphacolor.dll
0x00000000682c0000 - 0x00000000682d7000 	D:\Universidad ICESI\7mo semestre\Arte y Tecnologia\ws_AyT\FinalProject_Art&Tec\libs\video\windows64\plugins\libgstannodex.dll
0x0000000064ec0000 - 0x0000000064ece000 	D:\Universidad ICESI\7mo semestre\Arte y Tecnologia\ws_AyT\FinalProject_Art&Tec\libs\video\windows64\plugins\libgstapetag.dll
0x000000006ab80000 - 0x000000006ab8d000 	D:\Universidad ICESI\7mo semestre\Arte y Tecnologia\ws_AyT\FinalProject_Art&Tec\libs\video\windows64\plugins\libgstapp.dll
0x000000006b8c0000 - 0x000000006b8e1000 	D:\Universidad ICESI\7mo semestre\Arte y Tecnologia\ws_AyT\FinalProject_Art&Tec\libs\video\windows64\plugins\libgstasfmux.dll
0x000000006c140000 - 0x000000006c165000 	D:\Universidad ICESI\7mo semestre\Arte y Tecnologia\ws_AyT\FinalProject_Art&Tec\libs\video\windows64\plugins\libgstaudioconvert.dll
0x0000000069e40000 - 0x0000000069e6a000 	D:\Universidad ICESI\7mo semestre\Arte y Tecnologia\ws_AyT\FinalProject_Art&Tec\libs\video\windows64\plugins\libgstaudiofx.dll
0x0000000067440000 - 0x000000006745f000 	D:\Universidad ICESI\7mo semestre\Arte y Tecnologia\ws_AyT\FinalProject_Art&Tec\libs\video\windows64\plugins\libgstaudioparsers.dll
0x0000000066e40000 - 0x0000000066e51000 	D:\Universidad ICESI\7mo semestre\Arte y Tecnologia\ws_AyT\FinalProject_Art&Tec\libs\video\windows64\plugins\libgstaudiorate.dll
0x000000006cf00000 - 0x000000006cf1e000 	D:\Universidad ICESI\7mo semestre\Arte y Tecnologia\ws_AyT\FinalProject_Art&Tec\libs\video\windows64\plugins\libgstaudioresample.dll
0x0000000062b80000 - 0x0000000062b94000 	D:\Universidad ICESI\7mo semestre\Arte y Tecnologia\ws_AyT\FinalProject_Art&Tec\libs\video\windows64\plugins\libgstaudiotestsrc.dll
0x0000000063c80000 - 0x0000000063c90000 	D:\Universidad ICESI\7mo semestre\Arte y Tecnologia\ws_AyT\FinalProject_Art&Tec\libs\video\windows64\plugins\libgstauparse.dll
0x000000006ba80000 - 0x000000006ba94000 	D:\Universidad ICESI\7mo semestre\Arte y Tecnologia\ws_AyT\FinalProject_Art&Tec\libs\video\windows64\plugins\libgstautoconvert.dll
0x0000000063f80000 - 0x0000000063f94000 	D:\Universidad ICESI\7mo semestre\Arte y Tecnologia\ws_AyT\FinalProject_Art&Tec\libs\video\windows64\plugins\libgstautodetect.dll
0x0000000062700000 - 0x0000000062735000 	D:\Universidad ICESI\7mo semestre\Arte y Tecnologia\ws_AyT\FinalProject_Art&Tec\libs\video\windows64\plugins\libgstavi.dll
0x000000006e8c0000 - 0x000000006e8d1000 	D:\Universidad ICESI\7mo semestre\Arte y Tecnologia\ws_AyT\FinalProject_Art&Tec\libs\video\windows64\plugins\libgstbayer.dll
0x0000000067f40000 - 0x0000000067f6d000 	D:\Universidad ICESI\7mo semestre\Arte y Tecnologia\ws_AyT\FinalProject_Art&Tec\libs\video\windows64\plugins\libgstcamerabin.dll

VM Arguments:
jvm_args: -Djava.library.path=D:\Universidad ICESI\7mo semestre\Arte y Tecnologia\ws_AyT\FinalProject_Art&Tec\libs\video\windows64 -Dfile.encoding=Cp1252 
java_command: principal.Main
java_class_path (initial): D:\Universidad ICESI\7mo semestre\Arte y Tecnologia\ws_AyT\FinalProject_Art&Tec\bin;D:\Universidad ICESI\7mo semestre\Arte y Tecnologia\ws_AyT\FinalProject_Art&Tec\libs\core.jar;D:\Universidad ICESI\7mo semestre\Arte y Tecnologia\ws_AyT\FinalProject_Art&Tec\libs\jbox2d-library-2.2.1-ds.jar;D:\Universidad ICESI\7mo semestre\Arte y Tecnologia\ws_AyT\FinalProject_Art&Tec\libs\box2d_processing.jar;D:\Universidad ICESI\7mo semestre\Arte y Tecnologia\ws_AyT\FinalProject_Art&Tec\libs\video\gstreamer-java.jar;D:\Universidad ICESI\7mo semestre\Arte y Tecnologia\ws_AyT\FinalProject_Art&Tec\libs\video\jna.jar;D:\Universidad ICESI\7mo semestre\Arte y Tecnologia\ws_AyT\FinalProject_Art&Tec\libs\video\video.jar;D:\Universidad ICESI\7mo semestre\Arte y Tecnologia\ws_AyT\FinalProject_Art&Tec\libs\libTUIO.jar;D:\Universidad ICESI\7mo semestre\Arte y Tecnologia\ws_AyT\FinalProject_Art&Tec\libs\TUIO.jar;D:\Universidad ICESI\7mo semestre\Arte y Tecnologia\ws_AyT\FinalProject_Art&Tec\libs\minim\jl1.0.jar;D:\Universidad ICESI\7mo semestre\Arte y Tecnologia\ws_AyT\FinalProject_Art&Tec\libs\minim\jsminim.jar;D:\Universidad ICESI\7mo semestre\Arte y Tecnologia\ws_AyT\FinalProject_Art&Tec\libs\minim\minim.jar;D:\Universidad ICESI\7mo semestre\Arte y Tecnologia\ws_AyT\FinalProject_Art&Tec\libs\minim\mp3spi1.9.4.jar;D:\Universidad ICESI\7mo semestre\Arte y Tecnologia\ws_AyT\FinalProject_Art&Tec\libs\minim\tritonus_aos.jar;D:\Universidad ICESI\7mo semestre\Arte y Tecnologia\ws_AyT\FinalProject_Art&Tec\libs\minim\tritonus_share.jar
Launcher Type: SUN_STANDARD

Environment Variables:
PATH=C:/Program Files/Java/jre1.8.0_131/bin/server;C:/Program Files/Java/jre1.8.0_131/bin;C:/Program Files/Java/jre1.8.0_131/lib/amd64;%INTEL_DEV_REDIST%redist\intel64\compiler;C:\ProgramData\Oracle\Java\javapath;C:\Program Files (x86)\Intel\iCLS Client\;C:\Program Files\Intel\iCLS Client\;C:\WINDOWS\system32;C:\WINDOWS;C:\WINDOWS\System32\Wbem;C:\WINDOWS\System32\WindowsPowerShell\v1.0\;C:\Program Files\Intel\Intel(R) Management Engine Components\DAL;C:\Program Files\Intel\Intel(R) Management Engine Components\IPT;C:\Program Files (x86)\Intel\Intel(R) Management Engine Components\DAL;C:\Program Files (x86)\Intel\Intel(R) Management Engine Components\IPT;C:\Program Files\Intel\WiFi\bin\;C:\Program Files\Common Files\Intel\WirelessCommon\;C:\Program Files (x86)\Brackets\command;C:\Program Files (x86)\NVIDIA Corporation\PhysX\Common;C:\Program Files\nodejs\;C:\Program Files\Git\cmd;C:\Users\ASUS_01\AppData\Roaming\npm;D:\Universidad ICESI\6to semestre\Recursos Programacion Web\eclipseEnide;
USERNAME=ASUS_01
OS=Windows_NT
PROCESSOR_IDENTIFIER=Intel64 Family 6 Model 60 Stepping 3, GenuineIntel



---------------  S Y S T E M  ---------------

OS: Windows 8.1 , 64 bit Build 9600 (6.3.9600.17415)

CPU:total 8 (initial active 8) (4 cores per cpu, 2 threads per core) family 6 model 60 stepping 3, cmov, cx8, fxsr, mmx, sse, sse2, sse3, ssse3, sse4.1, sse4.2, popcnt, avx, avx2, aes, clmul, erms, lzcnt, ht, tsc, tscinvbit, bmi1, bmi2

Memory: 4k page, physical 8268724k(5109400k free), swap 14168176k(10131276k free)

vm_info: Java HotSpot(TM) 64-Bit Server VM (25.131-b11) for windows-amd64 JRE (1.8.0_131-b11), built on Mar 15 2017 01:23:53 by "java_re" with MS VC++ 10.0 (VS2010)

time: Thu May 18 16:49:25 2017
elapsed time: 248 seconds (0d 0h 4m 8s)

